Flow report for controle2022
Fri Jun 03 08:25:41 2022
Quartus II 64-Bit Version 13.0.0 Build 156 04/24/2013 SJ Full Version


---------------------
; Table of Contents ;
---------------------
  1. Legal Notice
  2. Flow Summary
  3. Flow Settings
  4. Flow Non-Default Global Settings
  5. Flow Elapsed Time
  6. Flow OS Summary
  7. Flow Log
  8. Flow Messages
  9. Flow Suppressed Messages



----------------
; Legal Notice ;
----------------
Copyright (C) 1991-2013 Altera Corporation
Your use of Altera Corporation's design tools, logic functions 
and other software and tools, and its AMPP partner logic 
functions, and any output files from any of the foregoing 
(including device programming or simulation files), and any 
associated documentation or information are expressly subject 
to the terms and conditions of the Altera Program License 
Subscription Agreement, Altera MegaCore Function License 
Agreement, or other applicable license agreement, including, 
without limitation, that your use is for the sole purpose of 
programming logic devices manufactured by Altera and sold by 
Altera or its authorized distributors.  Please refer to the 
applicable agreement for further details.



+----------------------------------------------------------------------------------+
; Flow Summary                                                                     ;
+------------------------------------+---------------------------------------------+
; Flow Status                        ; Successful - Fri Jun 03 08:25:41 2022       ;
; Quartus II 64-Bit Version          ; 13.0.0 Build 156 04/24/2013 SJ Full Version ;
; Revision Name                      ; controle2022                                ;
; Top-level Entity Name              ; controle2022                                ;
; Family                             ; Cyclone II                                  ;
; Device                             ; EP2C35F672C6                                ;
; Timing Models                      ; Final                                       ;
; Total logic elements               ; 86 / 33,216 ( < 1 % )                       ;
;     Total combinational functions  ; 85 / 33,216 ( < 1 % )                       ;
;     Dedicated logic registers      ; 38 / 33,216 ( < 1 % )                       ;
; Total registers                    ; 38                                          ;
; Total pins                         ; 17 / 475 ( 4 % )                            ;
; Total virtual pins                 ; 0                                           ;
; Total memory bits                  ; 0 / 483,840 ( 0 % )                         ;
; Embedded Multiplier 9-bit elements ; 0 / 70 ( 0 % )                              ;
; Total PLLs                         ; 0 / 4 ( 0 % )                               ;
+------------------------------------+---------------------------------------------+


+-----------------------------------------+
; Flow Settings                           ;
+-------------------+---------------------+
; Option            ; Setting             ;
+-------------------+---------------------+
; Start date & time ; 05/18/2022 14:03:35 ;
; Main task         ; Compilation         ;
; Revision Name     ; controle2022        ;
+-------------------+---------------------+


+--------------------------------------------------------------------------------------------------------------------------------------------------------------------------------------------------------------------+
; Flow Non-Default Global Settings                                                                                                                                                                                   ;
+-------------------------------------+-------------------------------------------------------------------------------------------------------------------------------+---------------+-------------+----------------+
; Assignment Name                     ; Value                                                                                                                         ; Default Value ; Entity Name ; Section Id     ;
+-------------------------------------+-------------------------------------------------------------------------------------------------------------------------------+---------------+-------------+----------------+
; COMPILER_SIGNATURE_ID               ; 53447168368204.165287541410656                                                                                                ; --            ; --          ; --             ;
; EDA_OUTPUT_DATA_FORMAT              ; Vhdl                                                                                                                          ; --            ; --          ; eda_simulation ;
; EDA_SIMULATION_TOOL                 ; ModelSim-Altera (VHDL)                                                                                                        ; <None>        ; --          ; --             ;
; ENABLE_SIGNALTAP                    ; On                                                                                                                            ; --            ; --          ; --             ;
; MAX_CORE_JUNCTION_TEMP              ; 85                                                                                                                            ; --            ; --          ; --             ;
; MIN_CORE_JUNCTION_TEMP              ; 0                                                                                                                             ; --            ; --          ; --             ;
; PARTITION_COLOR                     ; 16764057                                                                                                                      ; --            ; --          ; Top            ;
; PARTITION_FITTER_PRESERVATION_LEVEL ; PLACEMENT_AND_ROUTING                                                                                                         ; --            ; --          ; Top            ;
; PARTITION_NETLIST_TYPE              ; POST_FIT                                                                                                                      ; --            ; --          ; Top            ;
; PROJECT_OUTPUT_DIRECTORY            ; output_files                                                                                                                  ; --            ; --          ; --             ;
; SLD_FILE                            ; U:/FIPA/FIPA_1/Annee_2021_2022/VHDL_2022/vhdl_2022/5_6_seances/quartus/Q_impl_cpt_99_2022/output_files/stp3_auto_stripped.stp ; --            ; --          ; --             ;
; USE_SIGNALTAP_FILE                  ; output_files/stp3.stp                                                                                                         ; --            ; --          ; --             ;
+-------------------------------------+-------------------------------------------------------------------------------------------------------------------------------+---------------+-------------+----------------+


+-------------------------------------------------------------------------------------------------------------------------------+
; Flow Elapsed Time                                                                                                             ;
+---------------------------+--------------+-------------------------+---------------------+------------------------------------+
; Module Name               ; Elapsed Time ; Average Processors Used ; Peak Virtual Memory ; Total CPU Time (on all processors) ;
+---------------------------+--------------+-------------------------+---------------------+------------------------------------+
; Analysis & Synthesis      ; 00:00:04     ; 1.0                     ; 4656 MB             ; 00:00:02                           ;
; Partition Merge           ; 00:00:01     ; 1.0                     ; 4647 MB             ; 00:00:01                           ;
; Fitter                    ; 00:00:10     ; 2.0                     ; 5330 MB             ; 00:00:11                           ;
; Assembler                 ; 00:00:03     ; 1.0                     ; 4564 MB             ; 00:00:02                           ;
; TimeQuest Timing Analyzer ; 00:00:02     ; 1.0                     ; 4575 MB             ; 00:00:01                           ;
; EDA Netlist Writer        ; 00:00:01     ; 1.0                     ; 4521 MB             ; 00:00:01                           ;
; Analysis & Synthesis      ; 00:00:02     ; 1.0                     ; 4636 MB             ; 00:00:01                           ;
; Analysis & Synthesis      ; 00:00:07     ; 1.0                     ; 4650 MB             ; 00:00:02                           ;
; Partition Merge           ; 00:00:06     ; 1.0                     ; 4664 MB             ; 00:00:01                           ;
; Fitter                    ; 00:00:15     ; 1.2                     ; 5373 MB             ; 00:00:08                           ;
; Assembler                 ; 00:00:06     ; 1.0                     ; 4578 MB             ; 00:00:03                           ;
; TimeQuest Timing Analyzer ; 00:00:06     ; 1.0                     ; 4592 MB             ; 00:00:02                           ;
; EDA Netlist Writer        ; 00:00:02     ; 1.0                     ; 4533 MB             ; 00:00:01                           ;
; Analysis & Synthesis      ; 00:00:04     ; 1.0                     ; 4650 MB             ; 00:00:02                           ;
; Analysis & Synthesis      ; 00:00:03     ; 1.0                     ; 4653 MB             ; 00:00:01                           ;
; Analysis & Synthesis      ; 00:00:08     ; 1.0                     ; 4653 MB             ; 00:00:02                           ;
; Analysis & Synthesis      ; 00:00:05     ; 1.0                     ; 4655 MB             ; 00:00:02                           ;
; Partition Merge           ; 00:00:03     ; 1.0                     ; 4667 MB             ; 00:00:01                           ;
; Fitter                    ; 00:00:13     ; 1.0                     ; 5374 MB             ; 00:00:09                           ;
; Assembler                 ; 00:00:08     ; 1.0                     ; 4574 MB             ; 00:00:03                           ;
; TimeQuest Timing Analyzer ; 00:00:07     ; 1.0                     ; 4592 MB             ; 00:00:02                           ;
; EDA Netlist Writer        ; 00:00:02     ; 1.0                     ; 4533 MB             ; 00:00:01                           ;
; Analysis & Synthesis      ; 00:00:07     ; 1.0                     ; 4664 MB             ; 00:00:02                           ;
; Partition Merge           ; 00:00:03     ; 1.0                     ; 4667 MB             ; 00:00:01                           ;
; Fitter                    ; 00:00:10     ; 1.4                     ; 5378 MB             ; 00:00:09                           ;
; Assembler                 ; 00:00:05     ; 1.0                     ; 4574 MB             ; 00:00:02                           ;
; TimeQuest Timing Analyzer ; 00:00:05     ; 1.0                     ; 4592 MB             ; 00:00:02                           ;
; EDA Netlist Writer        ; 00:00:04     ; 1.0                     ; 4533 MB             ; 00:00:01                           ;
; Analysis & Synthesis      ; 00:00:02     ; 1.0                     ; 4650 MB             ; 00:00:01                           ;
; Analysis & Synthesis      ; 00:00:03     ; 1.0                     ; 4653 MB             ; 00:00:02                           ;
; Analysis & Synthesis      ; 00:00:03     ; 1.0                     ; 4653 MB             ; 00:00:01                           ;
; Analysis & Synthesis      ; 00:00:04     ; 1.0                     ; 4655 MB             ; 00:00:02                           ;
; Partition Merge           ; 00:00:02     ; 1.0                     ; 4667 MB             ; 00:00:01                           ;
; Fitter                    ; 00:00:08     ; 1.5                     ; 5376 MB             ; 00:00:09                           ;
; Assembler                 ; 00:00:04     ; 1.0                     ; 4574 MB             ; 00:00:02                           ;
; TimeQuest Timing Analyzer ; 00:00:03     ; 1.0                     ; 4592 MB             ; 00:00:02                           ;
; EDA Netlist Writer        ; 00:00:01     ; 1.0                     ; 4533 MB             ; 00:00:01                           ;
; Analysis & Synthesis      ; 00:00:02     ; 1.0                     ; 4650 MB             ; 00:00:02                           ;
; Analysis & Synthesis      ; 00:00:03     ; 1.0                     ; 4653 MB             ; 00:00:02                           ;
; Analysis & Synthesis      ; 00:00:02     ; 1.0                     ; 4653 MB             ; 00:00:01                           ;
; Analysis & Synthesis      ; 00:00:03     ; 1.0                     ; 4655 MB             ; 00:00:02                           ;
; Partition Merge           ; 00:00:03     ; 1.0                     ; 4667 MB             ; 00:00:01                           ;
; Fitter                    ; 00:00:08     ; 1.5                     ; 5378 MB             ; 00:00:08                           ;
; Assembler                 ; 00:00:04     ; 1.0                     ; 4577 MB             ; 00:00:02                           ;
; TimeQuest Timing Analyzer ; 00:00:03     ; 1.0                     ; 4592 MB             ; 00:00:02                           ;
; EDA Netlist Writer        ; 00:00:02     ; 1.0                     ; 4533 MB             ; 00:00:01                           ;
; Analysis & Synthesis      ; 00:00:04     ; 1.0                     ; 4673 MB             ; 00:00:02                           ;
; Partition Merge           ; 00:00:02     ; 1.0                     ; 4667 MB             ; 00:00:01                           ;
; Fitter                    ; 00:00:08     ; 1.5                     ; 5378 MB             ; 00:00:09                           ;
; Assembler                 ; 00:00:03     ; 1.0                     ; 4573 MB             ; 00:00:02                           ;
; TimeQuest Timing Analyzer ; 00:00:03     ; 1.0                     ; 4592 MB             ; 00:00:02                           ;
; EDA Netlist Writer        ; 00:00:01     ; 1.0                     ; 4533 MB             ; 00:00:01                           ;
; Analysis & Synthesis      ; 00:00:05     ; 1.0                     ; 4673 MB             ; 00:00:02                           ;
; Partition Merge           ; 00:00:03     ; 1.0                     ; 4667 MB             ; 00:00:01                           ;
; Fitter                    ; 00:00:09     ; 1.4                     ; 5372 MB             ; 00:00:09                           ;
; Assembler                 ; 00:00:04     ; 1.0                     ; 4574 MB             ; 00:00:02                           ;
; TimeQuest Timing Analyzer ; 00:00:04     ; 1.0                     ; 4593 MB             ; 00:00:02                           ;
; EDA Netlist Writer        ; 00:00:02     ; 1.0                     ; 4533 MB             ; 00:00:01                           ;
; Analysis & Synthesis      ; 00:00:04     ; 1.0                     ; 4664 MB             ; 00:00:02                           ;
; Partition Merge           ; 00:00:02     ; 1.0                     ; 4667 MB             ; 00:00:01                           ;
; Fitter                    ; 00:00:08     ; 1.0                     ; 5378 MB             ; 00:00:09                           ;
; Assembler                 ; 00:00:03     ; 1.0                     ; 4578 MB             ; 00:00:02                           ;
; TimeQuest Timing Analyzer ; 00:00:03     ; 1.0                     ; 4592 MB             ; 00:00:02                           ;
; EDA Netlist Writer        ; 00:00:01     ; 1.0                     ; 4533 MB             ; 00:00:01                           ;
; Analysis & Synthesis      ; 00:00:08     ; 1.0                     ; 4664 MB             ; 00:00:02                           ;
; Partition Merge           ; 00:00:02     ; 1.0                     ; 4667 MB             ; 00:00:01                           ;
; Fitter                    ; 00:00:08     ; 2.0                     ; 5372 MB             ; 00:00:09                           ;
; Assembler                 ; 00:00:03     ; 1.0                     ; 4581 MB             ; 00:00:02                           ;
; TimeQuest Timing Analyzer ; 00:00:03     ; 1.0                     ; 4592 MB             ; 00:00:01                           ;
; EDA Netlist Writer        ; 00:00:02     ; 1.0                     ; 4533 MB             ; 00:00:01                           ;
; Analysis & Synthesis      ; 00:00:03     ; 1.0                     ; 4650 MB             ; 00:00:01                           ;
; Analysis & Synthesis      ; 00:00:03     ; 1.0                     ; 4653 MB             ; 00:00:02                           ;
; Analysis & Synthesis      ; 00:00:02     ; 1.0                     ; 4653 MB             ; 00:00:01                           ;
; Analysis & Synthesis      ; 00:00:02     ; 1.0                     ; 4653 MB             ; 00:00:01                           ;
; Analysis & Synthesis      ; 00:00:03     ; 1.0                     ; 4653 MB             ; 00:00:01                           ;
; Analysis & Synthesis      ; 00:00:03     ; 1.0                     ; 4663 MB             ; 00:00:02                           ;
; Partition Merge           ; 00:00:02     ; 1.0                     ; 4667 MB             ; 00:00:01                           ;
; Fitter                    ; 00:00:08     ; 1.4                     ; 5374 MB             ; 00:00:09                           ;
; Assembler                 ; 00:00:04     ; 1.0                     ; 4581 MB             ; 00:00:02                           ;
; TimeQuest Timing Analyzer ; 00:00:05     ; 1.0                     ; 4592 MB             ; 00:00:02                           ;
; EDA Netlist Writer        ; 00:00:02     ; 1.0                     ; 4533 MB             ; 00:00:01                           ;
; Analysis & Synthesis      ; 00:00:09     ; 1.0                     ; 4673 MB             ; 00:00:02                           ;
; Partition Merge           ; 00:00:03     ; 1.0                     ; 4667 MB             ; 00:00:01                           ;
; Fitter                    ; 00:00:09     ; 1.0                     ; 5370 MB             ; 00:00:08                           ;
; Assembler                 ; 00:00:04     ; 1.0                     ; 4581 MB             ; 00:00:03                           ;
; TimeQuest Timing Analyzer ; 00:00:04     ; 1.0                     ; 4593 MB             ; 00:00:02                           ;
; EDA Netlist Writer        ; 00:00:02     ; 1.0                     ; 4533 MB             ; 00:00:01                           ;
; Analysis & Synthesis      ; 00:00:04     ; 1.0                     ; 4668 MB             ; 00:00:03                           ;
; Partition Merge           ; 00:00:02     ; 1.0                     ; 4667 MB             ; 00:00:01                           ;
; Fitter                    ; 00:00:09     ; 1.9                     ; 5371 MB             ; 00:00:10                           ;
; Assembler                 ; 00:00:04     ; 1.0                     ; 4581 MB             ; 00:00:02                           ;
; TimeQuest Timing Analyzer ; 00:00:04     ; 1.0                     ; 4607 MB             ; 00:00:02                           ;
; EDA Netlist Writer        ; 00:00:02     ; 1.0                     ; 4533 MB             ; 00:00:01                           ;
; Analysis & Synthesis      ; 00:00:04     ; 1.0                     ; 4656 MB             ; 00:00:02                           ;
; Partition Merge           ; 00:00:03     ; 1.0                     ; 4667 MB             ; 00:00:01                           ;
; Fitter                    ; 00:00:08     ; 1.4                     ; 5383 MB             ; 00:00:10                           ;
; Assembler                 ; 00:00:03     ; 1.0                     ; 4581 MB             ; 00:00:02                           ;
; TimeQuest Timing Analyzer ; 00:00:04     ; 1.0                     ; 4607 MB             ; 00:00:02                           ;
; EDA Netlist Writer        ; 00:00:02     ; 1.0                     ; 4533 MB             ; 00:00:01                           ;
; Analysis & Synthesis      ; 00:00:03     ; 1.0                     ; 4654 MB             ; 00:00:01                           ;
; Analysis & Synthesis      ; 00:00:03     ; 1.0                     ; 4653 MB             ; 00:00:01                           ;
; Analysis & Synthesis      ; 00:00:02     ; 1.0                     ; 4653 MB             ; 00:00:02                           ;
; Analysis & Synthesis      ; 00:00:03     ; 1.0                     ; 4653 MB             ; 00:00:01                           ;
; Analysis & Synthesis      ; 00:00:03     ; 1.0                     ; 4653 MB             ; 00:00:02                           ;
; Analysis & Synthesis      ; 00:00:04     ; 1.0                     ; 4653 MB             ; 00:00:02                           ;
; Analysis & Synthesis      ; 00:00:03     ; 1.0                     ; 4653 MB             ; 00:00:01                           ;
; Analysis & Synthesis      ; 00:00:03     ; 1.0                     ; 4653 MB             ; 00:00:01                           ;
; Analysis & Synthesis      ; 00:00:11     ; 1.0                     ; 4663 MB             ; 00:00:03                           ;
; Partition Merge           ; 00:00:09     ; 1.0                     ; 4667 MB             ; 00:00:01                           ;
; Fitter                    ; 00:00:17     ; 1.0                     ; 5375 MB             ; 00:00:09                           ;
; Assembler                 ; 00:00:16     ; 1.0                     ; 4581 MB             ; 00:00:03                           ;
; TimeQuest Timing Analyzer ; 00:00:15     ; 1.0                     ; 4592 MB             ; 00:00:02                           ;
; EDA Netlist Writer        ; 00:00:04     ; 1.0                     ; 4533 MB             ; 00:00:01                           ;
; Analysis & Synthesis      ; 00:00:05     ; 1.0                     ; 4650 MB             ; 00:00:02                           ;
; Analysis & Synthesis      ; 00:00:02     ; 1.0                     ; 4653 MB             ; 00:00:01                           ;
; Analysis & Synthesis      ; 00:00:02     ; 1.0                     ; 4653 MB             ; 00:00:01                           ;
; Analysis & Synthesis      ; 00:00:03     ; 1.0                     ; 4653 MB             ; 00:00:01                           ;
; Analysis & Synthesis      ; 00:00:02     ; 1.0                     ; 4653 MB             ; 00:00:01                           ;
; Analysis & Synthesis      ; 00:00:16     ; 1.0                     ; 4655 MB             ; 00:00:02                           ;
; Partition Merge           ; 00:00:08     ; 1.0                     ; 4690 MB             ; 00:00:01                           ;
; Analysis & Synthesis      ; 00:00:05     ; 1.0                     ; 4655 MB             ; 00:00:02                           ;
; Partition Merge           ; 00:00:02     ; 1.0                     ; 4667 MB             ; 00:00:01                           ;
; Fitter                    ; 00:00:10     ; 1.9                     ; 5374 MB             ; 00:00:09                           ;
; Assembler                 ; 00:00:05     ; 1.0                     ; 4585 MB             ; 00:00:02                           ;
; TimeQuest Timing Analyzer ; 00:00:04     ; 1.0                     ; 4592 MB             ; 00:00:02                           ;
; EDA Netlist Writer        ; 00:00:02     ; 1.0                     ; 4533 MB             ; 00:00:01                           ;
; Analysis & Synthesis      ; 00:00:04     ; 1.0                     ; 4673 MB             ; 00:00:02                           ;
; Partition Merge           ; 00:00:03     ; 1.0                     ; 4667 MB             ; 00:00:01                           ;
; Fitter                    ; 00:00:08     ; 1.0                     ; 5366 MB             ; 00:00:09                           ;
; Assembler                 ; 00:00:03     ; 1.0                     ; 4586 MB             ; 00:00:02                           ;
; TimeQuest Timing Analyzer ; 00:00:09     ; 1.0                     ; 4592 MB             ; 00:00:02                           ;
; EDA Netlist Writer        ; 00:00:03     ; 1.0                     ; 4533 MB             ; 00:00:01                           ;
; Analysis & Synthesis      ; 00:00:03     ; 1.0                     ; 4650 MB             ; 00:00:02                           ;
; Analysis & Synthesis      ; 00:00:02     ; 1.0                     ; 4653 MB             ; 00:00:01                           ;
; Analysis & Synthesis      ; 00:00:03     ; 1.0                     ; 4653 MB             ; 00:00:02                           ;
; Analysis & Synthesis      ; 00:00:02     ; 1.0                     ; 4653 MB             ; 00:00:01                           ;
; Analysis & Synthesis      ; 00:00:03     ; 1.0                     ; 4653 MB             ; 00:00:01                           ;
; Analysis & Synthesis      ; 00:00:02     ; 1.0                     ; 4653 MB             ; 00:00:01                           ;
; Analysis & Synthesis      ; 00:00:02     ; 1.0                     ; 4653 MB             ; 00:00:01                           ;
; Analysis & Synthesis      ; 00:00:02     ; 1.0                     ; 4653 MB             ; 00:00:01                           ;
; Analysis & Synthesis      ; 00:00:03     ; 1.0                     ; 4653 MB             ; 00:00:01                           ;
; Analysis & Synthesis      ; 00:00:02     ; 1.0                     ; 4653 MB             ; 00:00:02                           ;
; Analysis & Synthesis      ; 00:00:04     ; 1.0                     ; 4664 MB             ; 00:00:02                           ;
; Partition Merge           ; 00:00:03     ; 1.0                     ; 4667 MB             ; 00:00:01                           ;
; Fitter                    ; 00:00:09     ; 1.0                     ; 5374 MB             ; 00:00:09                           ;
; Assembler                 ; 00:00:04     ; 1.0                     ; 4585 MB             ; 00:00:02                           ;
; TimeQuest Timing Analyzer ; 00:00:03     ; 1.0                     ; 4592 MB             ; 00:00:02                           ;
; EDA Netlist Writer        ; 00:00:02     ; 1.0                     ; 4533 MB             ; 00:00:01                           ;
; Analysis & Synthesis      ; 00:00:04     ; 1.0                     ; 4650 MB             ; 00:00:02                           ;
; Partition Merge           ; 00:00:03     ; 1.0                     ; 4667 MB             ; 00:00:01                           ;
; Fitter                    ; 00:00:08     ; 1.0                     ; 5373 MB             ; 00:00:07                           ;
; Assembler                 ; 00:00:04     ; 1.0                     ; 4585 MB             ; 00:00:02                           ;
; TimeQuest Timing Analyzer ; 00:00:04     ; 1.0                     ; 4597 MB             ; 00:00:02                           ;
; EDA Netlist Writer        ; 00:00:02     ; 1.0                     ; 4533 MB             ; 00:00:01                           ;
; Analysis & Synthesis      ; 00:00:04     ; 1.0                     ; 4673 MB             ; 00:00:02                           ;
; Partition Merge           ; 00:00:02     ; 1.0                     ; 4667 MB             ; 00:00:01                           ;
; Fitter                    ; 00:00:08     ; 1.9                     ; 5374 MB             ; 00:00:09                           ;
; Assembler                 ; 00:00:04     ; 1.0                     ; 4581 MB             ; 00:00:03                           ;
; TimeQuest Timing Analyzer ; 00:00:04     ; 1.0                     ; 4592 MB             ; 00:00:02                           ;
; EDA Netlist Writer        ; 00:00:01     ; 1.0                     ; 4533 MB             ; 00:00:01                           ;
; Analysis & Synthesis      ; 00:00:03     ; 1.0                     ; 4650 MB             ; 00:00:01                           ;
; Analysis & Synthesis      ; 00:00:03     ; 1.0                     ; 4653 MB             ; 00:00:01                           ;
; Analysis & Synthesis      ; 00:00:02     ; 1.0                     ; 4653 MB             ; 00:00:01                           ;
; Analysis & Synthesis      ; 00:00:03     ; 1.0                     ; 4653 MB             ; 00:00:01                           ;
; Analysis & Synthesis      ; 00:00:04     ; 1.0                     ; 4663 MB             ; 00:00:02                           ;
; Partition Merge           ; 00:00:03     ; 1.0                     ; 4667 MB             ; 00:00:01                           ;
; Fitter                    ; 00:00:08     ; 1.5                     ; 5374 MB             ; 00:00:09                           ;
; Assembler                 ; 00:00:04     ; 1.0                     ; 4577 MB             ; 00:00:03                           ;
; TimeQuest Timing Analyzer ; 00:00:03     ; 1.0                     ; 4592 MB             ; 00:00:02                           ;
; EDA Netlist Writer        ; 00:00:01     ; 1.0                     ; 4533 MB             ; 00:00:01                           ;
; Analysis & Synthesis      ; 00:00:04     ; 1.0                     ; 4673 MB             ; 00:00:02                           ;
; Partition Merge           ; 00:00:02     ; 1.0                     ; 4667 MB             ; 00:00:01                           ;
; Fitter                    ; 00:00:09     ; 1.9                     ; 5372 MB             ; 00:00:09                           ;
; Assembler                 ; 00:00:04     ; 1.0                     ; 4581 MB             ; 00:00:02                           ;
; TimeQuest Timing Analyzer ; 00:00:04     ; 1.0                     ; 4597 MB             ; 00:00:02                           ;
; EDA Netlist Writer        ; 00:00:01     ; 1.0                     ; 4533 MB             ; 00:00:01                           ;
; Analysis & Synthesis      ; 00:00:07     ; 1.0                     ; 4650 MB             ; 00:00:02                           ;
; Analysis & Synthesis      ; 00:00:03     ; 1.0                     ; 4653 MB             ; 00:00:02                           ;
; Analysis & Synthesis      ; 00:00:03     ; 1.0                     ; 4653 MB             ; 00:00:01                           ;
; Analysis & Synthesis      ; 00:00:02     ; 1.0                     ; 4653 MB             ; 00:00:01                           ;
; Analysis & Synthesis      ; 00:00:02     ; 1.0                     ; 4653 MB             ; 00:00:01                           ;
; Analysis & Synthesis      ; 00:00:03     ; 1.0                     ; 4653 MB             ; 00:00:01                           ;
; Analysis & Synthesis      ; 00:00:03     ; 1.0                     ; 4653 MB             ; 00:00:01                           ;
; Analysis & Synthesis      ; 00:00:05     ; 1.0                     ; 4654 MB             ; 00:00:02                           ;
; Partition Merge           ; 00:00:04     ; 1.0                     ; 4667 MB             ; 00:00:01                           ;
; Fitter                    ; 00:00:15     ; 1.0                     ; 5378 MB             ; 00:00:10                           ;
; Assembler                 ; 00:00:04     ; 1.0                     ; 4577 MB             ; 00:00:02                           ;
; TimeQuest Timing Analyzer ; 00:00:05     ; 1.0                     ; 4592 MB             ; 00:00:02                           ;
; EDA Netlist Writer        ; 00:00:02     ; 1.0                     ; 4533 MB             ; 00:00:01                           ;
; Analysis & Synthesis      ; 00:00:05     ; 1.0                     ; 4651 MB             ; 00:00:02                           ;
; Partition Merge           ; 00:00:02     ; 1.0                     ; 4666 MB             ; 00:00:01                           ;
; Fitter                    ; 00:00:09     ; 1.0                     ; 5372 MB             ; 00:00:10                           ;
; Assembler                 ; 00:00:03     ; 1.0                     ; 4585 MB             ; 00:00:02                           ;
; TimeQuest Timing Analyzer ; 00:00:04     ; 1.0                     ; 4597 MB             ; 00:00:02                           ;
; EDA Netlist Writer        ; 00:00:02     ; 1.0                     ; 4533 MB             ; 00:00:01                           ;
; Analysis & Synthesis      ; 00:00:03     ; 1.0                     ; 4650 MB             ; 00:00:02                           ;
; Analysis & Synthesis      ; 00:00:04     ; 1.0                     ; 4654 MB             ; 00:00:02                           ;
; Partition Merge           ; 00:00:02     ; 1.0                     ; 4666 MB             ; 00:00:01                           ;
; Fitter                    ; 00:00:08     ; 1.0                     ; 5378 MB             ; 00:00:09                           ;
; Assembler                 ; 00:00:04     ; 1.0                     ; 4585 MB             ; 00:00:02                           ;
; TimeQuest Timing Analyzer ; 00:00:04     ; 1.0                     ; 4608 MB             ; 00:00:02                           ;
; EDA Netlist Writer        ; 00:00:03     ; 1.0                     ; 4533 MB             ; 00:00:01                           ;
; Analysis & Synthesis      ; 00:00:04     ; 1.0                     ; 4650 MB             ; 00:00:02                           ;
; Analysis & Synthesis      ; 00:00:04     ; 1.0                     ; 4654 MB             ; 00:00:02                           ;
; Partition Merge           ; 00:00:03     ; 1.0                     ; 4666 MB             ; 00:00:01                           ;
; Fitter                    ; 00:00:10     ; 1.4                     ; 5376 MB             ; 00:00:10                           ;
; Assembler                 ; 00:00:04     ; 1.0                     ; 4585 MB             ; 00:00:03                           ;
; TimeQuest Timing Analyzer ; 00:00:04     ; 1.0                     ; 4597 MB             ; 00:00:02                           ;
; EDA Netlist Writer        ; 00:00:01     ; 1.0                     ; 4533 MB             ; 00:00:01                           ;
; Analysis & Synthesis      ; 00:00:04     ; 1.0                     ; 4663 MB             ; 00:00:02                           ;
; Partition Merge           ; 00:00:03     ; 1.0                     ; 4666 MB             ; 00:00:01                           ;
; Fitter                    ; 00:00:09     ; 1.4                     ; 5372 MB             ; 00:00:10                           ;
; Assembler                 ; 00:00:04     ; 1.0                     ; 4581 MB             ; 00:00:02                           ;
; TimeQuest Timing Analyzer ; 00:00:05     ; 1.0                     ; 4597 MB             ; 00:00:02                           ;
; EDA Netlist Writer        ; 00:00:01     ; 1.0                     ; 4533 MB             ; 00:00:01                           ;
; Analysis & Synthesis      ; 00:00:04     ; 1.0                     ; 4663 MB             ; 00:00:02                           ;
; Partition Merge           ; 00:00:02     ; 1.0                     ; 4666 MB             ; 00:00:01                           ;
; Fitter                    ; 00:00:08     ; 1.0                     ; 5372 MB             ; 00:00:09                           ;
; Assembler                 ; 00:00:04     ; 1.0                     ; 4585 MB             ; 00:00:02                           ;
; TimeQuest Timing Analyzer ; 00:00:03     ; 1.0                     ; 4597 MB             ; 00:00:02                           ;
; EDA Netlist Writer        ; 00:00:02     ; 1.0                     ; 4533 MB             ; 00:00:01                           ;
; Analysis & Synthesis      ; 00:00:02     ; 1.0                     ; 4650 MB             ; 00:00:02                           ;
; Analysis & Synthesis      ; 00:00:04     ; 1.0                     ; 4667 MB             ; 00:00:02                           ;
; Partition Merge           ; 00:00:04     ; 1.0                     ; 4666 MB             ; 00:00:01                           ;
; Fitter                    ; 00:00:09     ; 1.4                     ; 5378 MB             ; 00:00:09                           ;
; Assembler                 ; 00:00:04     ; 1.0                     ; 4585 MB             ; 00:00:02                           ;
; TimeQuest Timing Analyzer ; 00:00:04     ; 1.0                     ; 4597 MB             ; 00:00:02                           ;
; EDA Netlist Writer        ; 00:00:02     ; 1.0                     ; 4533 MB             ; 00:00:01                           ;
; Analysis & Synthesis      ; 00:00:11     ; 1.0                     ; 4650 MB             ; 00:00:02                           ;
; Partition Merge           ; 00:00:04     ; 1.0                     ; 4642 MB             ; 00:00:01                           ;
; Fitter                    ; 00:00:13     ; 1.5                     ; 5336 MB             ; 00:00:09                           ;
; Assembler                 ; 00:00:04     ; 1.0                     ; 4585 MB             ; 00:00:02                           ;
; TimeQuest Timing Analyzer ; 00:00:06     ; 1.0                     ; 4597 MB             ; 00:00:02                           ;
; EDA Netlist Writer        ; 00:00:02     ; 1.0                     ; 4533 MB             ; 00:00:01                           ;
; Total                     ; 00:17:10     ; --                      ; --                  ; 00:09:53                           ;
+---------------------------+--------------+-------------------------+---------------------+------------------------------------+


+----------------------------------------------------------------------------------------+
; Flow OS Summary                                                                        ;
+---------------------------+------------------+-----------+------------+----------------+
; Module Name               ; Machine Hostname ; OS Name   ; OS Version ; Processor type ;
+---------------------------+------------------+-----------+------------+----------------+
; Analysis & Synthesis      ; vdi-15           ; Windows 7 ; 6.2        ; x86_64         ;
; Partition Merge           ; vdi-15           ; Windows 7 ; 6.2        ; x86_64         ;
; Fitter                    ; vdi-15           ; Windows 7 ; 6.2        ; x86_64         ;
; Assembler                 ; vdi-15           ; Windows 7 ; 6.2        ; x86_64         ;
; TimeQuest Timing Analyzer ; vdi-15           ; Windows 7 ; 6.2        ; x86_64         ;
; EDA Netlist Writer        ; vdi-15           ; Windows 7 ; 6.2        ; x86_64         ;
; Analysis & Synthesis      ; vdi-15           ; Windows 7 ; 6.2        ; x86_64         ;
; Analysis & Synthesis      ; p32265           ; Windows 7 ; 6.2        ; x86_64         ;
; Partition Merge           ; p32265           ; Windows 7 ; 6.2        ; x86_64         ;
; Fitter                    ; p32265           ; Windows 7 ; 6.2        ; x86_64         ;
; Assembler                 ; p32265           ; Windows 7 ; 6.2        ; x86_64         ;
; TimeQuest Timing Analyzer ; p32265           ; Windows 7 ; 6.2        ; x86_64         ;
; EDA Netlist Writer        ; p32265           ; Windows 7 ; 6.2        ; x86_64         ;
; Analysis & Synthesis      ; p32265           ; Windows 7 ; 6.2        ; x86_64         ;
; Analysis & Synthesis      ; p32265           ; Windows 7 ; 6.2        ; x86_64         ;
; Analysis & Synthesis      ; p32265           ; Windows 7 ; 6.2        ; x86_64         ;
; Analysis & Synthesis      ; p32265           ; Windows 7 ; 6.2        ; x86_64         ;
; Partition Merge           ; p32265           ; Windows 7 ; 6.2        ; x86_64         ;
; Fitter                    ; p32265           ; Windows 7 ; 6.2        ; x86_64         ;
; Assembler                 ; p32265           ; Windows 7 ; 6.2        ; x86_64         ;
; TimeQuest Timing Analyzer ; p32265           ; Windows 7 ; 6.2        ; x86_64         ;
; EDA Netlist Writer        ; p32265           ; Windows 7 ; 6.2        ; x86_64         ;
; Analysis & Synthesis      ; p32265           ; Windows 7 ; 6.2        ; x86_64         ;
; Partition Merge           ; p32265           ; Windows 7 ; 6.2        ; x86_64         ;
; Fitter                    ; p32265           ; Windows 7 ; 6.2        ; x86_64         ;
; Assembler                 ; p32265           ; Windows 7 ; 6.2        ; x86_64         ;
; TimeQuest Timing Analyzer ; p32265           ; Windows 7 ; 6.2        ; x86_64         ;
; EDA Netlist Writer        ; p32265           ; Windows 7 ; 6.2        ; x86_64         ;
; Analysis & Synthesis      ; p32265           ; Windows 7 ; 6.2        ; x86_64         ;
; Analysis & Synthesis      ; p32265           ; Windows 7 ; 6.2        ; x86_64         ;
; Analysis & Synthesis      ; p32265           ; Windows 7 ; 6.2        ; x86_64         ;
; Analysis & Synthesis      ; p32265           ; Windows 7 ; 6.2        ; x86_64         ;
; Partition Merge           ; p32265           ; Windows 7 ; 6.2        ; x86_64         ;
; Fitter                    ; p32265           ; Windows 7 ; 6.2        ; x86_64         ;
; Assembler                 ; p32265           ; Windows 7 ; 6.2        ; x86_64         ;
; TimeQuest Timing Analyzer ; p32265           ; Windows 7 ; 6.2        ; x86_64         ;
; EDA Netlist Writer        ; p32265           ; Windows 7 ; 6.2        ; x86_64         ;
; Analysis & Synthesis      ; p32265           ; Windows 7 ; 6.2        ; x86_64         ;
; Analysis & Synthesis      ; p32265           ; Windows 7 ; 6.2        ; x86_64         ;
; Analysis & Synthesis      ; p32265           ; Windows 7 ; 6.2        ; x86_64         ;
; Analysis & Synthesis      ; p32265           ; Windows 7 ; 6.2        ; x86_64         ;
; Partition Merge           ; p32265           ; Windows 7 ; 6.2        ; x86_64         ;
; Fitter                    ; p32265           ; Windows 7 ; 6.2        ; x86_64         ;
; Assembler                 ; p32265           ; Windows 7 ; 6.2        ; x86_64         ;
; TimeQuest Timing Analyzer ; p32265           ; Windows 7 ; 6.2        ; x86_64         ;
; EDA Netlist Writer        ; p32265           ; Windows 7 ; 6.2        ; x86_64         ;
; Analysis & Synthesis      ; p32265           ; Windows 7 ; 6.2        ; x86_64         ;
; Partition Merge           ; p32265           ; Windows 7 ; 6.2        ; x86_64         ;
; Fitter                    ; p32265           ; Windows 7 ; 6.2        ; x86_64         ;
; Assembler                 ; p32265           ; Windows 7 ; 6.2        ; x86_64         ;
; TimeQuest Timing Analyzer ; p32265           ; Windows 7 ; 6.2        ; x86_64         ;
; EDA Netlist Writer        ; p32265           ; Windows 7 ; 6.2        ; x86_64         ;
; Analysis & Synthesis      ; p32265           ; Windows 7 ; 6.2        ; x86_64         ;
; Partition Merge           ; p32265           ; Windows 7 ; 6.2        ; x86_64         ;
; Fitter                    ; p32265           ; Windows 7 ; 6.2        ; x86_64         ;
; Assembler                 ; p32265           ; Windows 7 ; 6.2        ; x86_64         ;
; TimeQuest Timing Analyzer ; p32265           ; Windows 7 ; 6.2        ; x86_64         ;
; EDA Netlist Writer        ; p32265           ; Windows 7 ; 6.2        ; x86_64         ;
; Analysis & Synthesis      ; p32265           ; Windows 7 ; 6.2        ; x86_64         ;
; Partition Merge           ; p32265           ; Windows 7 ; 6.2        ; x86_64         ;
; Fitter                    ; p32265           ; Windows 7 ; 6.2        ; x86_64         ;
; Assembler                 ; p32265           ; Windows 7 ; 6.2        ; x86_64         ;
; TimeQuest Timing Analyzer ; p32265           ; Windows 7 ; 6.2        ; x86_64         ;
; EDA Netlist Writer        ; p32265           ; Windows 7 ; 6.2        ; x86_64         ;
; Analysis & Synthesis      ; p32265           ; Windows 7 ; 6.2        ; x86_64         ;
; Partition Merge           ; p32265           ; Windows 7 ; 6.2        ; x86_64         ;
; Fitter                    ; p32265           ; Windows 7 ; 6.2        ; x86_64         ;
; Assembler                 ; p32265           ; Windows 7 ; 6.2        ; x86_64         ;
; TimeQuest Timing Analyzer ; p32265           ; Windows 7 ; 6.2        ; x86_64         ;
; EDA Netlist Writer        ; p32265           ; Windows 7 ; 6.2        ; x86_64         ;
; Analysis & Synthesis      ; p32265           ; Windows 7 ; 6.2        ; x86_64         ;
; Analysis & Synthesis      ; p32265           ; Windows 7 ; 6.2        ; x86_64         ;
; Analysis & Synthesis      ; p32265           ; Windows 7 ; 6.2        ; x86_64         ;
; Analysis & Synthesis      ; p32265           ; Windows 7 ; 6.2        ; x86_64         ;
; Analysis & Synthesis      ; p32265           ; Windows 7 ; 6.2        ; x86_64         ;
; Analysis & Synthesis      ; p32265           ; Windows 7 ; 6.2        ; x86_64         ;
; Partition Merge           ; p32265           ; Windows 7 ; 6.2        ; x86_64         ;
; Fitter                    ; p32265           ; Windows 7 ; 6.2        ; x86_64         ;
; Assembler                 ; p32265           ; Windows 7 ; 6.2        ; x86_64         ;
; TimeQuest Timing Analyzer ; p32265           ; Windows 7 ; 6.2        ; x86_64         ;
; EDA Netlist Writer        ; p32265           ; Windows 7 ; 6.2        ; x86_64         ;
; Analysis & Synthesis      ; p32265           ; Windows 7 ; 6.2        ; x86_64         ;
; Partition Merge           ; p32265           ; Windows 7 ; 6.2        ; x86_64         ;
; Fitter                    ; p32265           ; Windows 7 ; 6.2        ; x86_64         ;
; Assembler                 ; p32265           ; Windows 7 ; 6.2        ; x86_64         ;
; TimeQuest Timing Analyzer ; p32265           ; Windows 7 ; 6.2        ; x86_64         ;
; EDA Netlist Writer        ; p32265           ; Windows 7 ; 6.2        ; x86_64         ;
; Analysis & Synthesis      ; p32265           ; Windows 7 ; 6.2        ; x86_64         ;
; Partition Merge           ; p32265           ; Windows 7 ; 6.2        ; x86_64         ;
; Fitter                    ; p32265           ; Windows 7 ; 6.2        ; x86_64         ;
; Assembler                 ; p32265           ; Windows 7 ; 6.2        ; x86_64         ;
; TimeQuest Timing Analyzer ; p32265           ; Windows 7 ; 6.2        ; x86_64         ;
; EDA Netlist Writer        ; p32265           ; Windows 7 ; 6.2        ; x86_64         ;
; Analysis & Synthesis      ; p32265           ; Windows 7 ; 6.2        ; x86_64         ;
; Partition Merge           ; p32265           ; Windows 7 ; 6.2        ; x86_64         ;
; Fitter                    ; p32265           ; Windows 7 ; 6.2        ; x86_64         ;
; Assembler                 ; p32265           ; Windows 7 ; 6.2        ; x86_64         ;
; TimeQuest Timing Analyzer ; p32265           ; Windows 7 ; 6.2        ; x86_64         ;
; EDA Netlist Writer        ; p32265           ; Windows 7 ; 6.2        ; x86_64         ;
; Analysis & Synthesis      ; p32265           ; Windows 7 ; 6.2        ; x86_64         ;
; Analysis & Synthesis      ; p32265           ; Windows 7 ; 6.2        ; x86_64         ;
; Analysis & Synthesis      ; p32265           ; Windows 7 ; 6.2        ; x86_64         ;
; Analysis & Synthesis      ; p32265           ; Windows 7 ; 6.2        ; x86_64         ;
; Analysis & Synthesis      ; p32265           ; Windows 7 ; 6.2        ; x86_64         ;
; Analysis & Synthesis      ; p32265           ; Windows 7 ; 6.2        ; x86_64         ;
; Analysis & Synthesis      ; p32265           ; Windows 7 ; 6.2        ; x86_64         ;
; Analysis & Synthesis      ; p32265           ; Windows 7 ; 6.2        ; x86_64         ;
; Analysis & Synthesis      ; p32202           ; Windows 7 ; 6.2        ; x86_64         ;
; Partition Merge           ; p32202           ; Windows 7 ; 6.2        ; x86_64         ;
; Fitter                    ; p32202           ; Windows 7 ; 6.2        ; x86_64         ;
; Assembler                 ; p32202           ; Windows 7 ; 6.2        ; x86_64         ;
; TimeQuest Timing Analyzer ; p32202           ; Windows 7 ; 6.2        ; x86_64         ;
; EDA Netlist Writer        ; p32202           ; Windows 7 ; 6.2        ; x86_64         ;
; Analysis & Synthesis      ; p32202           ; Windows 7 ; 6.2        ; x86_64         ;
; Analysis & Synthesis      ; p32202           ; Windows 7 ; 6.2        ; x86_64         ;
; Analysis & Synthesis      ; p32202           ; Windows 7 ; 6.2        ; x86_64         ;
; Analysis & Synthesis      ; p32202           ; Windows 7 ; 6.2        ; x86_64         ;
; Analysis & Synthesis      ; p32202           ; Windows 7 ; 6.2        ; x86_64         ;
; Analysis & Synthesis      ; p32202           ; Windows 7 ; 6.2        ; x86_64         ;
; Partition Merge           ; p32202           ; Windows 7 ; 6.2        ; x86_64         ;
; Analysis & Synthesis      ; p32202           ; Windows 7 ; 6.2        ; x86_64         ;
; Partition Merge           ; p32202           ; Windows 7 ; 6.2        ; x86_64         ;
; Fitter                    ; p32202           ; Windows 7 ; 6.2        ; x86_64         ;
; Assembler                 ; p32202           ; Windows 7 ; 6.2        ; x86_64         ;
; TimeQuest Timing Analyzer ; p32202           ; Windows 7 ; 6.2        ; x86_64         ;
; EDA Netlist Writer        ; p32202           ; Windows 7 ; 6.2        ; x86_64         ;
; Analysis & Synthesis      ; p32202           ; Windows 7 ; 6.2        ; x86_64         ;
; Partition Merge           ; p32202           ; Windows 7 ; 6.2        ; x86_64         ;
; Fitter                    ; p32202           ; Windows 7 ; 6.2        ; x86_64         ;
; Assembler                 ; p32202           ; Windows 7 ; 6.2        ; x86_64         ;
; TimeQuest Timing Analyzer ; p32202           ; Windows 7 ; 6.2        ; x86_64         ;
; EDA Netlist Writer        ; p32202           ; Windows 7 ; 6.2        ; x86_64         ;
; Analysis & Synthesis      ; p32202           ; Windows 7 ; 6.2        ; x86_64         ;
; Analysis & Synthesis      ; p32202           ; Windows 7 ; 6.2        ; x86_64         ;
; Analysis & Synthesis      ; p32202           ; Windows 7 ; 6.2        ; x86_64         ;
; Analysis & Synthesis      ; p32202           ; Windows 7 ; 6.2        ; x86_64         ;
; Analysis & Synthesis      ; p32202           ; Windows 7 ; 6.2        ; x86_64         ;
; Analysis & Synthesis      ; p32202           ; Windows 7 ; 6.2        ; x86_64         ;
; Analysis & Synthesis      ; p32202           ; Windows 7 ; 6.2        ; x86_64         ;
; Analysis & Synthesis      ; p32202           ; Windows 7 ; 6.2        ; x86_64         ;
; Analysis & Synthesis      ; p32202           ; Windows 7 ; 6.2        ; x86_64         ;
; Analysis & Synthesis      ; p32202           ; Windows 7 ; 6.2        ; x86_64         ;
; Analysis & Synthesis      ; p32202           ; Windows 7 ; 6.2        ; x86_64         ;
; Partition Merge           ; p32202           ; Windows 7 ; 6.2        ; x86_64         ;
; Fitter                    ; p32202           ; Windows 7 ; 6.2        ; x86_64         ;
; Assembler                 ; p32202           ; Windows 7 ; 6.2        ; x86_64         ;
; TimeQuest Timing Analyzer ; p32202           ; Windows 7 ; 6.2        ; x86_64         ;
; EDA Netlist Writer        ; p32202           ; Windows 7 ; 6.2        ; x86_64         ;
; Analysis & Synthesis      ; p32202           ; Windows 7 ; 6.2        ; x86_64         ;
; Partition Merge           ; p32202           ; Windows 7 ; 6.2        ; x86_64         ;
; Fitter                    ; p32202           ; Windows 7 ; 6.2        ; x86_64         ;
; Assembler                 ; p32202           ; Windows 7 ; 6.2        ; x86_64         ;
; TimeQuest Timing Analyzer ; p32202           ; Windows 7 ; 6.2        ; x86_64         ;
; EDA Netlist Writer        ; p32202           ; Windows 7 ; 6.2        ; x86_64         ;
; Analysis & Synthesis      ; p32202           ; Windows 7 ; 6.2        ; x86_64         ;
; Partition Merge           ; p32202           ; Windows 7 ; 6.2        ; x86_64         ;
; Fitter                    ; p32202           ; Windows 7 ; 6.2        ; x86_64         ;
; Assembler                 ; p32202           ; Windows 7 ; 6.2        ; x86_64         ;
; TimeQuest Timing Analyzer ; p32202           ; Windows 7 ; 6.2        ; x86_64         ;
; EDA Netlist Writer        ; p32202           ; Windows 7 ; 6.2        ; x86_64         ;
; Analysis & Synthesis      ; p32202           ; Windows 7 ; 6.2        ; x86_64         ;
; Analysis & Synthesis      ; p32202           ; Windows 7 ; 6.2        ; x86_64         ;
; Analysis & Synthesis      ; p32202           ; Windows 7 ; 6.2        ; x86_64         ;
; Analysis & Synthesis      ; p32202           ; Windows 7 ; 6.2        ; x86_64         ;
; Analysis & Synthesis      ; p32202           ; Windows 7 ; 6.2        ; x86_64         ;
; Partition Merge           ; p32202           ; Windows 7 ; 6.2        ; x86_64         ;
; Fitter                    ; p32202           ; Windows 7 ; 6.2        ; x86_64         ;
; Assembler                 ; p32202           ; Windows 7 ; 6.2        ; x86_64         ;
; TimeQuest Timing Analyzer ; p32202           ; Windows 7 ; 6.2        ; x86_64         ;
; EDA Netlist Writer        ; p32202           ; Windows 7 ; 6.2        ; x86_64         ;
; Analysis & Synthesis      ; p32202           ; Windows 7 ; 6.2        ; x86_64         ;
; Partition Merge           ; p32202           ; Windows 7 ; 6.2        ; x86_64         ;
; Fitter                    ; p32202           ; Windows 7 ; 6.2        ; x86_64         ;
; Assembler                 ; p32202           ; Windows 7 ; 6.2        ; x86_64         ;
; TimeQuest Timing Analyzer ; p32202           ; Windows 7 ; 6.2        ; x86_64         ;
; EDA Netlist Writer        ; p32202           ; Windows 7 ; 6.2        ; x86_64         ;
; Analysis & Synthesis      ; p32202           ; Windows 7 ; 6.2        ; x86_64         ;
; Analysis & Synthesis      ; p32202           ; Windows 7 ; 6.2        ; x86_64         ;
; Analysis & Synthesis      ; p32202           ; Windows 7 ; 6.2        ; x86_64         ;
; Analysis & Synthesis      ; p32202           ; Windows 7 ; 6.2        ; x86_64         ;
; Analysis & Synthesis      ; p32202           ; Windows 7 ; 6.2        ; x86_64         ;
; Analysis & Synthesis      ; p32202           ; Windows 7 ; 6.2        ; x86_64         ;
; Analysis & Synthesis      ; p32202           ; Windows 7 ; 6.2        ; x86_64         ;
; Analysis & Synthesis      ; p32202           ; Windows 7 ; 6.2        ; x86_64         ;
; Partition Merge           ; p32202           ; Windows 7 ; 6.2        ; x86_64         ;
; Fitter                    ; p32202           ; Windows 7 ; 6.2        ; x86_64         ;
; Assembler                 ; p32202           ; Windows 7 ; 6.2        ; x86_64         ;
; TimeQuest Timing Analyzer ; p32202           ; Windows 7 ; 6.2        ; x86_64         ;
; EDA Netlist Writer        ; p32202           ; Windows 7 ; 6.2        ; x86_64         ;
; Analysis & Synthesis      ; p32202           ; Windows 7 ; 6.2        ; x86_64         ;
; Partition Merge           ; p32202           ; Windows 7 ; 6.2        ; x86_64         ;
; Fitter                    ; p32202           ; Windows 7 ; 6.2        ; x86_64         ;
; Assembler                 ; p32202           ; Windows 7 ; 6.2        ; x86_64         ;
; TimeQuest Timing Analyzer ; p32202           ; Windows 7 ; 6.2        ; x86_64         ;
; EDA Netlist Writer        ; p32202           ; Windows 7 ; 6.2        ; x86_64         ;
; Analysis & Synthesis      ; p32202           ; Windows 7 ; 6.2        ; x86_64         ;
; Analysis & Synthesis      ; p32202           ; Windows 7 ; 6.2        ; x86_64         ;
; Partition Merge           ; p32202           ; Windows 7 ; 6.2        ; x86_64         ;
; Fitter                    ; p32202           ; Windows 7 ; 6.2        ; x86_64         ;
; Assembler                 ; p32202           ; Windows 7 ; 6.2        ; x86_64         ;
; TimeQuest Timing Analyzer ; p32202           ; Windows 7 ; 6.2        ; x86_64         ;
; EDA Netlist Writer        ; p32202           ; Windows 7 ; 6.2        ; x86_64         ;
; Analysis & Synthesis      ; p32202           ; Windows 7 ; 6.2        ; x86_64         ;
; Analysis & Synthesis      ; p32202           ; Windows 7 ; 6.2        ; x86_64         ;
; Partition Merge           ; p32202           ; Windows 7 ; 6.2        ; x86_64         ;
; Fitter                    ; p32202           ; Windows 7 ; 6.2        ; x86_64         ;
; Assembler                 ; p32202           ; Windows 7 ; 6.2        ; x86_64         ;
; TimeQuest Timing Analyzer ; p32202           ; Windows 7 ; 6.2        ; x86_64         ;
; EDA Netlist Writer        ; p32202           ; Windows 7 ; 6.2        ; x86_64         ;
; Analysis & Synthesis      ; p32202           ; Windows 7 ; 6.2        ; x86_64         ;
; Partition Merge           ; p32202           ; Windows 7 ; 6.2        ; x86_64         ;
; Fitter                    ; p32202           ; Windows 7 ; 6.2        ; x86_64         ;
; Assembler                 ; p32202           ; Windows 7 ; 6.2        ; x86_64         ;
; TimeQuest Timing Analyzer ; p32202           ; Windows 7 ; 6.2        ; x86_64         ;
; EDA Netlist Writer        ; p32202           ; Windows 7 ; 6.2        ; x86_64         ;
; Analysis & Synthesis      ; p32202           ; Windows 7 ; 6.2        ; x86_64         ;
; Partition Merge           ; p32202           ; Windows 7 ; 6.2        ; x86_64         ;
; Fitter                    ; p32202           ; Windows 7 ; 6.2        ; x86_64         ;
; Assembler                 ; p32202           ; Windows 7 ; 6.2        ; x86_64         ;
; TimeQuest Timing Analyzer ; p32202           ; Windows 7 ; 6.2        ; x86_64         ;
; EDA Netlist Writer        ; p32202           ; Windows 7 ; 6.2        ; x86_64         ;
; Analysis & Synthesis      ; p32202           ; Windows 7 ; 6.2        ; x86_64         ;
; Analysis & Synthesis      ; p32202           ; Windows 7 ; 6.2        ; x86_64         ;
; Partition Merge           ; p32202           ; Windows 7 ; 6.2        ; x86_64         ;
; Fitter                    ; p32202           ; Windows 7 ; 6.2        ; x86_64         ;
; Assembler                 ; p32202           ; Windows 7 ; 6.2        ; x86_64         ;
; TimeQuest Timing Analyzer ; p32202           ; Windows 7 ; 6.2        ; x86_64         ;
; EDA Netlist Writer        ; p32202           ; Windows 7 ; 6.2        ; x86_64         ;
; Analysis & Synthesis      ; p32202           ; Windows 7 ; 6.2        ; x86_64         ;
; Partition Merge           ; p32202           ; Windows 7 ; 6.2        ; x86_64         ;
; Fitter                    ; p32202           ; Windows 7 ; 6.2        ; x86_64         ;
; Assembler                 ; p32202           ; Windows 7 ; 6.2        ; x86_64         ;
; TimeQuest Timing Analyzer ; p32202           ; Windows 7 ; 6.2        ; x86_64         ;
; EDA Netlist Writer        ; p32202           ; Windows 7 ; 6.2        ; x86_64         ;
+---------------------------+------------------+-----------+------------+----------------+


------------
; Flow Log ;
------------
quartus_map --read_settings_files=on --write_settings_files=off controle2022 -c controle2022
quartus_cdb --read_settings_files=off --write_settings_files=off controle2022 -c controle2022 --merge=on
quartus_fit --read_settings_files=off --write_settings_files=off controle2022 -c controle2022
quartus_asm --read_settings_files=off --write_settings_files=off controle2022 -c controle2022
quartus_sta controle2022 -c controle2022
quartus_eda --read_settings_files=off --write_settings_files=off controle2022 -c controle2022
quartus_map --read_settings_files=on --write_settings_files=off controle2022 -c controle2022
quartus_map --read_settings_files=on --write_settings_files=off controle2022 -c controle2022
quartus_cdb --read_settings_files=off --write_settings_files=off controle2022 -c controle2022 --merge=on
quartus_fit --read_settings_files=off --write_settings_files=off controle2022 -c controle2022
quartus_asm --read_settings_files=off --write_settings_files=off controle2022 -c controle2022
quartus_sta controle2022 -c controle2022
quartus_eda --read_settings_files=off --write_settings_files=off controle2022 -c controle2022
quartus_map --read_settings_files=on --write_settings_files=off controle2022 -c controle2022
quartus_map --read_settings_files=on --write_settings_files=off controle2022 -c controle2022
quartus_map --read_settings_files=on --write_settings_files=off controle2022 -c controle2022
quartus_map --read_settings_files=on --write_settings_files=off controle2022 -c controle2022
quartus_cdb --read_settings_files=off --write_settings_files=off controle2022 -c controle2022 --merge=on
quartus_fit --read_settings_files=off --write_settings_files=off controle2022 -c controle2022
quartus_asm --read_settings_files=off --write_settings_files=off controle2022 -c controle2022
quartus_sta controle2022 -c controle2022
quartus_eda --read_settings_files=off --write_settings_files=off controle2022 -c controle2022
quartus_map --read_settings_files=on --write_settings_files=off controle2022 -c controle2022
quartus_cdb --read_settings_files=off --write_settings_files=off controle2022 -c controle2022 --merge=on
quartus_fit --read_settings_files=off --write_settings_files=off controle2022 -c controle2022
quartus_asm --read_settings_files=off --write_settings_files=off controle2022 -c controle2022
quartus_sta controle2022 -c controle2022
quartus_eda --read_settings_files=off --write_settings_files=off controle2022 -c controle2022
quartus_map --read_settings_files=on --write_settings_files=off controle2022 -c controle2022
quartus_map --read_settings_files=on --write_settings_files=off controle2022 -c controle2022
quartus_map --read_settings_files=on --write_settings_files=off controle2022 -c controle2022
quartus_map --read_settings_files=on --write_settings_files=off controle2022 -c controle2022
quartus_cdb --read_settings_files=off --write_settings_files=off controle2022 -c controle2022 --merge=on
quartus_fit --read_settings_files=off --write_settings_files=off controle2022 -c controle2022
quartus_asm --read_settings_files=off --write_settings_files=off controle2022 -c controle2022
quartus_sta controle2022 -c controle2022
quartus_eda --read_settings_files=off --write_settings_files=off controle2022 -c controle2022
quartus_map --read_settings_files=on --write_settings_files=off controle2022 -c controle2022
quartus_map --read_settings_files=on --write_settings_files=off controle2022 -c controle2022
quartus_map --read_settings_files=on --write_settings_files=off controle2022 -c controle2022
quartus_map --read_settings_files=on --write_settings_files=off controle2022 -c controle2022
quartus_cdb --read_settings_files=off --write_settings_files=off controle2022 -c controle2022 --merge=on
quartus_fit --read_settings_files=off --write_settings_files=off controle2022 -c controle2022
quartus_asm --read_settings_files=off --write_settings_files=off controle2022 -c controle2022
quartus_sta controle2022 -c controle2022
quartus_eda --read_settings_files=off --write_settings_files=off controle2022 -c controle2022
quartus_map --read_settings_files=on --write_settings_files=off controle2022 -c controle2022
quartus_cdb --read_settings_files=off --write_settings_files=off controle2022 -c controle2022 --merge=on
quartus_fit --read_settings_files=off --write_settings_files=off controle2022 -c controle2022
quartus_asm --read_settings_files=off --write_settings_files=off controle2022 -c controle2022
quartus_sta controle2022 -c controle2022
quartus_eda --read_settings_files=off --write_settings_files=off controle2022 -c controle2022
quartus_map --read_settings_files=on --write_settings_files=off controle2022 -c controle2022
quartus_cdb --read_settings_files=off --write_settings_files=off controle2022 -c controle2022 --merge=on
quartus_fit --read_settings_files=off --write_settings_files=off controle2022 -c controle2022
quartus_asm --read_settings_files=off --write_settings_files=off controle2022 -c controle2022
quartus_sta controle2022 -c controle2022
quartus_eda --read_settings_files=off --write_settings_files=off controle2022 -c controle2022
quartus_map --read_settings_files=on --write_settings_files=off controle2022 -c controle2022
quartus_cdb --read_settings_files=off --write_settings_files=off controle2022 -c controle2022 --merge=on
quartus_fit --read_settings_files=off --write_settings_files=off controle2022 -c controle2022
quartus_asm --read_settings_files=off --write_settings_files=off controle2022 -c controle2022
quartus_sta controle2022 -c controle2022
quartus_eda --read_settings_files=off --write_settings_files=off controle2022 -c controle2022
quartus_map --read_settings_files=on --write_settings_files=off controle2022 -c controle2022
quartus_cdb --read_settings_files=off --write_settings_files=off controle2022 -c controle2022 --merge=on
quartus_fit --read_settings_files=off --write_settings_files=off controle2022 -c controle2022
quartus_asm --read_settings_files=off --write_settings_files=off controle2022 -c controle2022
quartus_sta controle2022 -c controle2022
quartus_eda --read_settings_files=off --write_settings_files=off controle2022 -c controle2022
quartus_map --read_settings_files=on --write_settings_files=off controle2022 -c controle2022
quartus_map --read_settings_files=on --write_settings_files=off controle2022 -c controle2022
quartus_map --read_settings_files=on --write_settings_files=off controle2022 -c controle2022
quartus_map --read_settings_files=on --write_settings_files=off controle2022 -c controle2022
quartus_map --read_settings_files=on --write_settings_files=off controle2022 -c controle2022
quartus_map --read_settings_files=on --write_settings_files=off controle2022 -c controle2022
quartus_cdb --read_settings_files=off --write_settings_files=off controle2022 -c controle2022 --merge=on
quartus_fit --read_settings_files=off --write_settings_files=off controle2022 -c controle2022
quartus_asm --read_settings_files=off --write_settings_files=off controle2022 -c controle2022
quartus_sta controle2022 -c controle2022
quartus_eda --read_settings_files=off --write_settings_files=off controle2022 -c controle2022
quartus_map --read_settings_files=on --write_settings_files=off controle2022 -c controle2022
quartus_cdb --read_settings_files=off --write_settings_files=off controle2022 -c controle2022 --merge=on
quartus_fit --read_settings_files=off --write_settings_files=off controle2022 -c controle2022
quartus_asm --read_settings_files=off --write_settings_files=off controle2022 -c controle2022
quartus_sta controle2022 -c controle2022
quartus_eda --read_settings_files=off --write_settings_files=off controle2022 -c controle2022
quartus_map --read_settings_files=on --write_settings_files=off controle2022 -c controle2022
quartus_cdb --read_settings_files=off --write_settings_files=off controle2022 -c controle2022 --merge=on
quartus_fit --read_settings_files=off --write_settings_files=off controle2022 -c controle2022
quartus_asm --read_settings_files=off --write_settings_files=off controle2022 -c controle2022
quartus_sta controle2022 -c controle2022
quartus_eda --read_settings_files=off --write_settings_files=off controle2022 -c controle2022
quartus_map --read_settings_files=on --write_settings_files=off controle2022 -c controle2022
quartus_cdb --read_settings_files=off --write_settings_files=off controle2022 -c controle2022 --merge=on
quartus_fit --read_settings_files=off --write_settings_files=off controle2022 -c controle2022
quartus_asm --read_settings_files=off --write_settings_files=off controle2022 -c controle2022
quartus_sta controle2022 -c controle2022
quartus_eda --read_settings_files=off --write_settings_files=off controle2022 -c controle2022
quartus_map --read_settings_files=on --write_settings_files=off controle2022 -c controle2022
quartus_map --read_settings_files=on --write_settings_files=off controle2022 -c controle2022
quartus_map --read_settings_files=on --write_settings_files=off controle2022 -c controle2022
quartus_map --read_settings_files=on --write_settings_files=off controle2022 -c controle2022
quartus_map --read_settings_files=on --write_settings_files=off controle2022 -c controle2022
quartus_map --read_settings_files=on --write_settings_files=off controle2022 -c controle2022
quartus_map --read_settings_files=on --write_settings_files=off controle2022 -c controle2022
quartus_map --read_settings_files=on --write_settings_files=off controle2022 -c controle2022
quartus_map --read_settings_files=on --write_settings_files=off controle2022 -c controle2022
quartus_cdb --read_settings_files=off --write_settings_files=off controle2022 -c controle2022 --merge=on
quartus_fit --read_settings_files=off --write_settings_files=off controle2022 -c controle2022
quartus_asm --read_settings_files=off --write_settings_files=off controle2022 -c controle2022
quartus_sta controle2022 -c controle2022
quartus_eda --read_settings_files=off --write_settings_files=off controle2022 -c controle2022
quartus_map --read_settings_files=on --write_settings_files=off controle2022 -c controle2022
quartus_map --read_settings_files=on --write_settings_files=off controle2022 -c controle2022
quartus_map --read_settings_files=on --write_settings_files=off controle2022 -c controle2022
quartus_map --read_settings_files=on --write_settings_files=off controle2022 -c controle2022
quartus_map --read_settings_files=on --write_settings_files=off controle2022 -c controle2022
quartus_map --read_settings_files=on --write_settings_files=off controle2022 -c controle2022
quartus_cdb --read_settings_files=off --write_settings_files=off controle2022 -c controle2022 --merge=on
quartus_map --read_settings_files=on --write_settings_files=off controle2022 -c controle2022
quartus_cdb --read_settings_files=off --write_settings_files=off controle2022 -c controle2022 --merge=on
quartus_fit --read_settings_files=off --write_settings_files=off controle2022 -c controle2022
quartus_asm --read_settings_files=off --write_settings_files=off controle2022 -c controle2022
quartus_sta controle2022 -c controle2022
quartus_eda --read_settings_files=off --write_settings_files=off controle2022 -c controle2022
quartus_map --read_settings_files=on --write_settings_files=off controle2022 -c controle2022
quartus_cdb --read_settings_files=off --write_settings_files=off controle2022 -c controle2022 --merge=on
quartus_fit --read_settings_files=off --write_settings_files=off controle2022 -c controle2022
quartus_asm --read_settings_files=off --write_settings_files=off controle2022 -c controle2022
quartus_sta controle2022 -c controle2022
quartus_eda --read_settings_files=off --write_settings_files=off controle2022 -c controle2022
quartus_map --read_settings_files=on --write_settings_files=off controle2022 -c controle2022
quartus_map --read_settings_files=on --write_settings_files=off controle2022 -c controle2022
quartus_map --read_settings_files=on --write_settings_files=off controle2022 -c controle2022
quartus_map --read_settings_files=on --write_settings_files=off controle2022 -c controle2022
quartus_map --read_settings_files=on --write_settings_files=off controle2022 -c controle2022
quartus_map --read_settings_files=on --write_settings_files=off controle2022 -c controle2022
quartus_map --read_settings_files=on --write_settings_files=off controle2022 -c controle2022
quartus_map --read_settings_files=on --write_settings_files=off controle2022 -c controle2022
quartus_map --read_settings_files=on --write_settings_files=off controle2022 -c controle2022
quartus_map --read_settings_files=on --write_settings_files=off controle2022 -c controle2022
quartus_map --read_settings_files=on --write_settings_files=off controle2022 -c controle2022
quartus_cdb --read_settings_files=off --write_settings_files=off controle2022 -c controle2022 --merge=on
quartus_fit --read_settings_files=off --write_settings_files=off controle2022 -c controle2022
quartus_asm --read_settings_files=off --write_settings_files=off controle2022 -c controle2022
quartus_sta controle2022 -c controle2022
quartus_eda --read_settings_files=off --write_settings_files=off controle2022 -c controle2022
quartus_map --read_settings_files=on --write_settings_files=off controle2022 -c controle2022
quartus_cdb --read_settings_files=off --write_settings_files=off controle2022 -c controle2022 --merge=on
quartus_fit --read_settings_files=off --write_settings_files=off controle2022 -c controle2022
quartus_asm --read_settings_files=off --write_settings_files=off controle2022 -c controle2022
quartus_sta controle2022 -c controle2022
quartus_eda --read_settings_files=off --write_settings_files=off controle2022 -c controle2022
quartus_map --read_settings_files=on --write_settings_files=off controle2022 -c controle2022
quartus_cdb --read_settings_files=off --write_settings_files=off controle2022 -c controle2022 --merge=on
quartus_fit --read_settings_files=off --write_settings_files=off controle2022 -c controle2022
quartus_asm --read_settings_files=off --write_settings_files=off controle2022 -c controle2022
quartus_sta controle2022 -c controle2022
quartus_eda --read_settings_files=off --write_settings_files=off controle2022 -c controle2022
quartus_map --read_settings_files=on --write_settings_files=off controle2022 -c controle2022
quartus_map --read_settings_files=on --write_settings_files=off controle2022 -c controle2022
quartus_map --read_settings_files=on --write_settings_files=off controle2022 -c controle2022
quartus_map --read_settings_files=on --write_settings_files=off controle2022 -c controle2022
quartus_map --read_settings_files=on --write_settings_files=off controle2022 -c controle2022
quartus_cdb --read_settings_files=off --write_settings_files=off controle2022 -c controle2022 --merge=on
quartus_fit --read_settings_files=off --write_settings_files=off controle2022 -c controle2022
quartus_asm --read_settings_files=off --write_settings_files=off controle2022 -c controle2022
quartus_sta controle2022 -c controle2022
quartus_eda --read_settings_files=off --write_settings_files=off controle2022 -c controle2022
quartus_map --read_settings_files=on --write_settings_files=off controle2022 -c controle2022
quartus_cdb --read_settings_files=off --write_settings_files=off controle2022 -c controle2022 --merge=on
quartus_fit --read_settings_files=off --write_settings_files=off controle2022 -c controle2022
quartus_asm --read_settings_files=off --write_settings_files=off controle2022 -c controle2022
quartus_sta controle2022 -c controle2022
quartus_eda --read_settings_files=off --write_settings_files=off controle2022 -c controle2022
quartus_map --read_settings_files=on --write_settings_files=off controle2022 -c controle2022
quartus_map --read_settings_files=on --write_settings_files=off controle2022 -c controle2022
quartus_map --read_settings_files=on --write_settings_files=off controle2022 -c controle2022
quartus_map --read_settings_files=on --write_settings_files=off controle2022 -c controle2022
quartus_map --read_settings_files=on --write_settings_files=off controle2022 -c controle2022
quartus_map --read_settings_files=on --write_settings_files=off controle2022 -c controle2022
quartus_map --read_settings_files=on --write_settings_files=off controle2022 -c controle2022
quartus_map --read_settings_files=on --write_settings_files=off controle2022 -c controle2022
quartus_cdb --read_settings_files=off --write_settings_files=off controle2022 -c controle2022 --merge=on
quartus_fit --read_settings_files=off --write_settings_files=off controle2022 -c controle2022
quartus_asm --read_settings_files=off --write_settings_files=off controle2022 -c controle2022
quartus_sta controle2022 -c controle2022
quartus_eda --read_settings_files=off --write_settings_files=off controle2022 -c controle2022
quartus_map --read_settings_files=on --write_settings_files=off controle2022 -c controle2022
quartus_cdb --read_settings_files=off --write_settings_files=off controle2022 -c controle2022 --merge=on
quartus_fit --read_settings_files=off --write_settings_files=off controle2022 -c controle2022
quartus_asm --read_settings_files=off --write_settings_files=off controle2022 -c controle2022
quartus_sta controle2022 -c controle2022
quartus_eda --read_settings_files=off --write_settings_files=off controle2022 -c controle2022
quartus_map --read_settings_files=on --write_settings_files=off controle2022 -c controle2022
quartus_map --read_settings_files=on --write_settings_files=off controle2022 -c controle2022
quartus_cdb --read_settings_files=off --write_settings_files=off controle2022 -c controle2022 --merge=on
quartus_fit --read_settings_files=off --write_settings_files=off controle2022 -c controle2022
quartus_asm --read_settings_files=off --write_settings_files=off controle2022 -c controle2022
quartus_sta controle2022 -c controle2022
quartus_eda --read_settings_files=off --write_settings_files=off controle2022 -c controle2022
quartus_map --read_settings_files=on --write_settings_files=off controle2022 -c controle2022
quartus_map --read_settings_files=on --write_settings_files=off controle2022 -c controle2022
quartus_cdb --read_settings_files=off --write_settings_files=off controle2022 -c controle2022 --merge=on
quartus_fit --read_settings_files=off --write_settings_files=off controle2022 -c controle2022
quartus_asm --read_settings_files=off --write_settings_files=off controle2022 -c controle2022
quartus_sta controle2022 -c controle2022
quartus_eda --read_settings_files=off --write_settings_files=off controle2022 -c controle2022
quartus_map --read_settings_files=on --write_settings_files=off controle2022 -c controle2022
quartus_cdb --read_settings_files=off --write_settings_files=off controle2022 -c controle2022 --merge=on
quartus_fit --read_settings_files=off --write_settings_files=off controle2022 -c controle2022
quartus_asm --read_settings_files=off --write_settings_files=off controle2022 -c controle2022
quartus_sta controle2022 -c controle2022
quartus_eda --read_settings_files=off --write_settings_files=off controle2022 -c controle2022
quartus_map --read_settings_files=on --write_settings_files=off controle2022 -c controle2022
quartus_cdb --read_settings_files=off --write_settings_files=off controle2022 -c controle2022 --merge=on
quartus_fit --read_settings_files=off --write_settings_files=off controle2022 -c controle2022
quartus_asm --read_settings_files=off --write_settings_files=off controle2022 -c controle2022
quartus_sta controle2022 -c controle2022
quartus_eda --read_settings_files=off --write_settings_files=off controle2022 -c controle2022
quartus_map --read_settings_files=on --write_settings_files=off controle2022 -c controle2022
quartus_map --read_settings_files=on --write_settings_files=off controle2022 -c controle2022
quartus_cdb --read_settings_files=off --write_settings_files=off controle2022 -c controle2022 --merge=on
quartus_fit --read_settings_files=off --write_settings_files=off controle2022 -c controle2022
quartus_asm --read_settings_files=off --write_settings_files=off controle2022 -c controle2022
quartus_sta controle2022 -c controle2022
quartus_eda --read_settings_files=off --write_settings_files=off controle2022 -c controle2022
quartus_map --read_settings_files=on --write_settings_files=off controle2022 -c controle2022
quartus_cdb --read_settings_files=off --write_settings_files=off controle2022 -c controle2022 --merge=on
quartus_fit --read_settings_files=off --write_settings_files=off controle2022 -c controle2022
quartus_asm --read_settings_files=off --write_settings_files=off controle2022 -c controle2022
quartus_sta controle2022 -c controle2022
quartus_eda --read_settings_files=off --write_settings_files=off controle2022 -c controle2022



